<?xml version="1.0" encoding="UTF-8"?>
<!-- Generated by org.testng.reporters.JUnitReportReporter -->
<testsuite hostname="ASDW0041" name="com.qait.acs.tests.TestFirst" tests="10" failures="0" timestamp="7 Aug 2018 12:12:25 GMT" time="88.875" errors="0">
  <testcase name="Step01_Launch_Application" time="6.516" classname="com.qait.acs.tests.TestFirst"/>
  <testcase name="testingservicesmenu" time="6.276" classname="com.qait.acs.tests.TestFirst"/>
  <testcase name="verify_vertical_section" time="10.835" classname="com.qait.acs.tests.TestFirst"/>
  <testcase name="verify_download_section" time="17.560" classname="com.qait.acs.tests.TestFirst"/>
  <testcase name="testinginnovation" time="3.182" classname="com.qait.acs.tests.TestFirst"/>
  <testcase name="testingcontact" time="3.228" classname="com.qait.acs.tests.TestFirst"/>
  <testcase name="testingvertical" time="3.208" classname="com.qait.acs.tests.TestFirst"/>
  <testcase name="testing_news" time="3.434" classname="com.qait.acs.tests.TestFirst"/>
  <testcase name="checkingteam" time="3.164" classname="com.qait.acs.tests.TestFirst"/>
  <testcase name="verify_search_functionality" time="31.472" classname="com.qait.acs.tests.TestFirst"/>
</testsuite> <!-- com.qait.acs.tests.TestFirst -->
